<?xml version="1.0" encoding="UTF-8"?>
<testsuite name="com.wit.challenge.calculator.CalculatorApplicationTests" tests="1" skipped="0" failures="0" errors="0" timestamp="2022-03-28T22:05:11" hostname="DPGE-4T17VR9" time="0.214">
  <properties/>
  <testcase name="contextLoads()" classname="com.wit.challenge.calculator.CalculatorApplicationTests" time="0.214"/>
  <system-out><![CDATA[18:05:07.241 [Test worker] DEBUG org.springframework.test.context.BootstrapUtils - Instantiating CacheAwareContextLoaderDelegate from class [org.springframework.test.context.cache.DefaultCacheAwareContextLoaderDelegate]
18:05:07.253 [Test worker] DEBUG org.springframework.test.context.BootstrapUtils - Instantiating BootstrapContext using constructor [public org.springframework.test.context.support.DefaultBootstrapContext(java.lang.Class,org.springframework.test.context.CacheAwareContextLoaderDelegate)]
18:05:07.282 [Test worker] DEBUG org.springframework.test.context.BootstrapUtils - Instantiating TestContextBootstrapper for test class [com.wit.challenge.calculator.CalculatorApplicationTests] from class [org.springframework.boot.test.context.SpringBootTestContextBootstrapper]
18:05:07.294 [Test worker] INFO org.springframework.boot.test.context.SpringBootTestContextBootstrapper - Neither @ContextConfiguration nor @ContextHierarchy found for test class [com.wit.challenge.calculator.CalculatorApplicationTests], using SpringBootContextLoader
18:05:07.297 [Test worker] DEBUG org.springframework.test.context.support.AbstractContextLoader - Did not detect default resource location for test class [com.wit.challenge.calculator.CalculatorApplicationTests]: class path resource [com/wit/challenge/calculator/CalculatorApplicationTests-context.xml] does not exist
18:05:07.298 [Test worker] DEBUG org.springframework.test.context.support.AbstractContextLoader - Did not detect default resource location for test class [com.wit.challenge.calculator.CalculatorApplicationTests]: class path resource [com/wit/challenge/calculator/CalculatorApplicationTestsContext.groovy] does not exist
18:05:07.298 [Test worker] INFO org.springframework.test.context.support.AbstractContextLoader - Could not detect default resource locations for test class [com.wit.challenge.calculator.CalculatorApplicationTests]: no resource found for suffixes {-context.xml, Context.groovy}.
18:05:07.299 [Test worker] INFO org.springframework.test.context.support.AnnotationConfigContextLoaderUtils - Could not detect default configuration classes for test class [com.wit.challenge.calculator.CalculatorApplicationTests]: CalculatorApplicationTests does not declare any static, non-private, non-final, nested classes annotated with @Configuration.
18:05:07.341 [Test worker] DEBUG org.springframework.test.context.support.ActiveProfilesUtils - Could not find an 'annotation declaring class' for annotation type [org.springframework.test.context.ActiveProfiles] and class [com.wit.challenge.calculator.CalculatorApplicationTests]
18:05:07.398 [Test worker] DEBUG org.springframework.context.annotation.ClassPathScanningCandidateComponentProvider - Identified candidate component class: file [F:\tools\ProjetosSpring\calculator-wit\rest\build\classes\java\main\com\wit\challenge\calculator\CalculatorApplication.class]
18:05:07.399 [Test worker] INFO org.springframework.boot.test.context.SpringBootTestContextBootstrapper - Found @SpringBootConfiguration com.wit.challenge.calculator.CalculatorApplication for test class com.wit.challenge.calculator.CalculatorApplicationTests
18:05:07.496 [Test worker] DEBUG org.springframework.boot.test.context.SpringBootTestContextBootstrapper - @TestExecutionListeners is not present for class [com.wit.challenge.calculator.CalculatorApplicationTests]: using defaults.
18:05:07.496 [Test worker] INFO org.springframework.boot.test.context.SpringBootTestContextBootstrapper - Loaded default TestExecutionListener class names from location [META-INF/spring.factories]: [org.springframework.boot.test.autoconfigure.restdocs.RestDocsTestExecutionListener, org.springframework.boot.test.autoconfigure.web.client.MockRestServiceServerResetTestExecutionListener, org.springframework.boot.test.autoconfigure.web.servlet.MockMvcPrintOnlyOnFailureTestExecutionListener, org.springframework.boot.test.autoconfigure.web.servlet.WebDriverTestExecutionListener, org.springframework.boot.test.autoconfigure.webservices.client.MockWebServiceServerTestExecutionListener, org.springframework.boot.test.mock.mockito.MockitoTestExecutionListener, org.springframework.boot.test.mock.mockito.ResetMocksTestExecutionListener, org.springframework.test.context.web.ServletTestExecutionListener, org.springframework.test.context.support.DirtiesContextBeforeModesTestExecutionListener, org.springframework.test.context.event.ApplicationEventsTestExecutionListener, org.springframework.test.context.support.DependencyInjectionTestExecutionListener, org.springframework.test.context.support.DirtiesContextTestExecutionListener, org.springframework.test.context.transaction.TransactionalTestExecutionListener, org.springframework.test.context.jdbc.SqlScriptsTestExecutionListener, org.springframework.test.context.event.EventPublishingTestExecutionListener]
18:05:07.515 [Test worker] INFO org.springframework.boot.test.context.SpringBootTestContextBootstrapper - Using TestExecutionListeners: [org.springframework.test.context.web.ServletTestExecutionListener@32a68f4f, org.springframework.test.context.support.DirtiesContextBeforeModesTestExecutionListener@73194df, org.springframework.test.context.event.ApplicationEventsTestExecutionListener@6eb2384f, org.springframework.boot.test.mock.mockito.MockitoTestExecutionListener@3c9c0d96, org.springframework.boot.test.autoconfigure.SpringBootDependencyInjectionTestExecutionListener@3a4621bd, org.springframework.test.context.support.DirtiesContextTestExecutionListener@31dadd46, org.springframework.test.context.transaction.TransactionalTestExecutionListener@4ed5eb72, org.springframework.test.context.jdbc.SqlScriptsTestExecutionListener@12f9af83, org.springframework.test.context.event.EventPublishingTestExecutionListener@19b93fa8, org.springframework.boot.test.autoconfigure.restdocs.RestDocsTestExecutionListener@7e6ef134, org.springframework.boot.test.autoconfigure.web.client.MockRestServiceServerResetTestExecutionListener@1f010bf0, org.springframework.boot.test.autoconfigure.web.servlet.MockMvcPrintOnlyOnFailureTestExecutionListener@40db2a24, org.springframework.boot.test.autoconfigure.web.servlet.WebDriverTestExecutionListener@10cf09e8, org.springframework.boot.test.autoconfigure.webservices.client.MockWebServiceServerTestExecutionListener@1921ad94, org.springframework.boot.test.mock.mockito.ResetMocksTestExecutionListener@ee86bcb]
18:05:07.518 [Test worker] DEBUG org.springframework.test.context.support.AbstractDirtiesContextTestExecutionListener - Before test class: context [DefaultTestContext@48e92c5c testClass = CalculatorApplicationTests, testInstance = [null], testMethod = [null], testException = [null], mergedContextConfiguration = [WebMergedContextConfiguration@2e1ef60 testClass = CalculatorApplicationTests, locations = '{}', classes = '{class com.wit.challenge.calculator.CalculatorApplication}', contextInitializerClasses = '[]', activeProfiles = '{}', propertySourceLocations = '{}', propertySourceProperties = '{org.springframework.boot.test.context.SpringBootTestContextBootstrapper=true}', contextCustomizers = set[org.springframework.boot.test.autoconfigure.actuate.metrics.MetricsExportContextCustomizerFactory$DisableMetricExportContextCustomizer@312aa7c, org.springframework.boot.test.autoconfigure.properties.PropertyMappingContextCustomizer@0, org.springframework.boot.test.autoconfigure.web.servlet.WebDriverContextCustomizerFactory$Customizer@7bd7d6d6, org.springframework.boot.test.context.filter.ExcludeFilterContextCustomizer@2de56eb2, org.springframework.boot.test.json.DuplicateJsonObjectContextCustomizerFactory$DuplicateJsonObjectContextCustomizer@3ad83a66, org.springframework.boot.test.mock.mockito.MockitoContextCustomizer@0, org.springframework.boot.test.web.client.TestRestTemplateContextCustomizer@6e2829c7, org.springframework.boot.test.context.SpringBootTestArgs@1, org.springframework.boot.test.context.SpringBootTestWebEnvironment@59d016c9], resourceBasePath = 'src/main/webapp', contextLoader = 'org.springframework.boot.test.context.SpringBootContextLoader', parent = [null]], attributes = map['org.springframework.test.context.web.ServletTestExecutionListener.activateListener' -> true]], class annotated with @DirtiesContext [false] with mode [null].
,--.   ,--. ,--. ,--------.        ,--.   ,---.   ,--.   ,--.   ,---.     ,------.   ,------. ,--.   ,--. ,------. ,--.     ,-----.  ,------.  ,------. ,------.
|  |   |  | |  | '--.  .--'        |  |  /  O  \   \  `.'  /   /  O  \    |  .-.  \  |  .---'  \  `.'  /  |  .---' |  |    '  .-.  ' |  .--. ' |  .---' |  .--. '
|  |.'.|  | |  |    |  |      ,--. |  | |  .-.  |   \     /   |  .-.  |   |  |  \  : |  `--,    \     /   |  `--,  |  |    |  | |  | |  '--' | |  `--,  |  '--'.'
|   ,'.   | |  |    |  |      |  '-'  / |  | |  |    \   /    |  | |  |   |  '--'  / |  `---.    \   /    |  `---. |  '--. '  '-'  ' |  | --'  |  `---. |  |\  \
'--'   '--' `--'    `--'       `-----'  `--' `--'     `-'     `--' `--'   `-------'  `------'     `-'     `------' `-----'  `-----'  `--'      `------' `--' '--'

 
Powered by Spring Boot 2.6.4
2022-03-28 18:05:07.795  WARN 22420 --- [    Test worker] ory$DuplicateJsonObjectContextCustomizer : 

Found multiple occurrences of org.json.JSONObject on the class path:

	jar:file:/C:/Users/rafaelg/.gradle/caches/modules-2/files-2.1/org.json/json/20190722/7bce7bacf0ab5e9f894d307a3de8b7f540064d5/json-20190722.jar!/org/json/JSONObject.class
	jar:file:/C:/Users/rafaelg/.gradle/caches/modules-2/files-2.1/com.vaadin.external.google/android-json/0.0.20131108.vaadin1/fa26d351fe62a6a17f5cda1287c1c6110dec413f/android-json-0.0.20131108.vaadin1.jar!/org/json/JSONObject.class

You may wish to exclude one of them to ensure predictable runtime behavior

2022-03-28 18:05:07.808  INFO 22420 --- [    Test worker] c.w.c.c.CalculatorApplicationTests       : Starting CalculatorApplicationTests using Java 1.8.0_181 on DPGE-4T17VR9 with PID 22420 (started by rafaelg in F:\tools\ProjetosSpring\calculator-wit\rest)
2022-03-28 18:05:07.809  INFO 22420 --- [    Test worker] c.w.c.c.CalculatorApplicationTests       : No active profile set, falling back to 1 default profile: "default"
2022-03-28 18:05:09.176  INFO 22420 --- [    Test worker] faultConfiguringBeanFactoryPostProcessor : No bean named 'errorChannel' has been explicitly defined. Therefore, a default PublishSubscribeChannel will be created.
2022-03-28 18:05:09.191  INFO 22420 --- [    Test worker] faultConfiguringBeanFactoryPostProcessor : No bean named 'integrationHeaderChannelRegistry' has been explicitly defined. Therefore, a default DefaultHeaderChannelRegistry will be created.
2022-03-28 18:05:09.381  INFO 22420 --- [    Test worker] trationDelegate$BeanPostProcessorChecker : Bean 'org.springframework.integration.config.IntegrationManagementConfiguration' of type [org.springframework.integration.config.IntegrationManagementConfiguration] is not eligible for getting processed by all BeanPostProcessors (for example: not eligible for auto-proxying)
2022-03-28 18:05:09.401  INFO 22420 --- [    Test worker] trationDelegate$BeanPostProcessorChecker : Bean 'integrationChannelResolver' of type [org.springframework.integration.support.channel.BeanFactoryChannelResolver] is not eligible for getting processed by all BeanPostProcessors (for example: not eligible for auto-proxying)
2022-03-28 18:05:11.612  INFO 22420 --- [    Test worker] o.s.b.a.e.web.EndpointLinksResolver      : Exposing 2 endpoint(s) beneath base path '/actuator'
2022-03-28 18:05:11.800  INFO 22420 --- [    Test worker] o.s.i.endpoint.EventDrivenConsumer       : Adding {logging-channel-adapter:_org.springframework.integration.errorLogger} as a subscriber to the 'errorChannel' channel
2022-03-28 18:05:11.801  INFO 22420 --- [    Test worker] o.s.i.channel.PublishSubscribeChannel    : Channel 'application.errorChannel' has 1 subscriber(s).
2022-03-28 18:05:11.801  INFO 22420 --- [    Test worker] o.s.i.endpoint.EventDrivenConsumer       : started bean '_org.springframework.integration.errorLogger'
2022-03-28 18:05:11.802  INFO 22420 --- [    Test worker] o.s.a.r.c.CachingConnectionFactory       : Attempting to connect to: [localhost:5672]
2022-03-28 18:05:11.874  INFO 22420 --- [    Test worker] o.s.a.r.c.CachingConnectionFactory       : Created new connection: rabbitConnectionFactory#4ea56bdb:0/SimpleConnection@7b3a6e95 [delegate=amqp://guest@127.0.0.1:5672/, localPort= 62392]
2022-03-28 18:05:11.946  INFO 22420 --- [    Test worker] c.w.c.c.CalculatorApplicationTests       : Started CalculatorApplicationTests in 4.389 seconds (JVM running for 5.672)
]]></system-out>
  <system-err><![CDATA[]]></system-err>
</testsuite>
